This is pdfTeX, Version 3.14159265-2.6-1.40.20 (TeX Live 2019/Debian) (preloaded format=pdfetex 2020.6.24)  22 MAR 2021 22:25
entering extended mode
 restricted \write18 enabled.
 %&-line parsing enabled.
**cv.tex
(./cv.tex
! Undefined control sequence.
l.1 \documentclass
                  [10pt,a4paper,ragged2e]{altacv}
? 10pt
l.1 \documentclass[10pt,a4pa
                            per,ragged2e]{altacv}
? 10pt
l.1 \documentclass[10pt,a4paper,ragged
                                      2e]{altacv}
? 
! Interruption.
<to be read again> 
                   2
l.1 \documentclass[10pt,a4paper,ragged2
                                       e]{altacv}
? bm
Type <return> to proceed, S to scroll future error messages,
R to run without stopping, Q to run quietly,
I to insert something, E to edit your file,
H for help, X to quit.
? 
! Undefined control sequence.
l.3 \geometry
             {left=1cm,right=9cm,marginparwidth=6.8cm,marginparsep=1.2cm,bot...

? 
! Undefined control sequence.
l.6 \ifxetexorluatex
                    
? 
! Undefined control sequence.
l.7   \setmainfont
                  {Carlito}
? 
! Extra \else.
l.8 \else
         
? 
! Undefined control sequence.
l.9   \usepackage
                 [utf8]{inputenc}
? 
! Undefined control sequence.
l.10   \usepackage
                  [T1]{fontenc}
? 
! Undefined control sequence.
l.11   \usepackage
                  {hyperref}
? 
! Undefined control sequence.
l.12   \hypersetup
                  {
? 
! Undefined control sequence.
l.18   \usepackage
                  [default]{lato}
? 
! Extra \fi.
l.19 \fi
        
? 
! Undefined control sequence.
l.21 \definecolor
                 {VividPurple}{HTML}{3E0097}
? 
! Undefined control sequence.
l.22 \definecolor
                 {SlateGrey}{HTML}{2E2E2E}
? 
! Undefined control sequence.
l.23 \definecolor
                 {LightGrey}{HTML}{666666}
? 
! Undefined control sequence.
l.24 \colorlet
              {heading}{VividPurple}
? 
! Undefined control sequence.
l.25 \colorlet
              {accent}{VividPurple}
? 
! Undefined control sequence.
l.26 \colorlet
              {emphasis}{SlateGrey}
? 
! Undefined control sequence.
l.27 \colorlet
              {body}{LightGrey}
? 
! Undefined control sequence.
l.30 \renewcommand
                  {\itemmarker}{{\small\textbullet}}
? 
! Undefined control sequence.
l.30 \renewcommand{\itemmarker
                              }{{\small\textbullet}}
? 
! Undefined control sequence.
l.30 \renewcommand{\itemmarker}{{\small
                                       \textbullet}}
? 
! Undefined control sequence.
l.30 \renewcommand{\itemmarker}{{\small\textbullet
                                                  }}
? 
! Undefined control sequence.
l.31 \renewcommand
                  {\ratingmarker}{\faCircle}
? 
! Undefined control sequence.
l.31 \renewcommand{\ratingmarker
                                }{\faCircle}
? 
! Undefined control sequence.
l.31 \renewcommand{\ratingmarker}{\faCircle
                                           }
? 
! Undefined control sequence.
l.33 \addbibresource
                    {sample.bib}
? 
! Undefined control sequence.
l.35 \begin
           {document}
? 
! Undefined control sequence.
l.36 \name
          {Zahra Raddani pour}
? 
! Undefined control sequence.
l.38 \photo
           {2cm}{isso}
? 
! Undefined control sequence.
l.40 \personalinfo
                  {d
? 
! Undefined control sequence.
l.41   \email
             {med.aziz.gharbii@gmail.com}
? 
! Undefined control sequence.
l.42   \phone
             {+1 514 655 6004}
? 
! Undefined control sequence.
l.43   \location
                {Montreal, Canada}
? 
! Undefined control sequence.
l.44   \linkedin
                {https://www.linkedin.com/in/aziz-gharbi-3b6397137/}  WEB: h...

? 
! Undefined control sequence.
l.49 \begin
           {fullwidth}
? 
! Undefined control sequence.
l.51 \cvsection
               {\Large{Experience}}
? 
! Undefined control sequence.
l.51 \cvsection{\Large
                      {Experience}}
? 
! Undefined control sequence.
l.53 \cvevent
             {Full-stack Developer}{Reelcruit (\href {https://reelcruit.com/...

? 
! Undefined control sequence.
l.53 ...ent{Full-stack Developer}{Reelcruit (\href
                                                   {https://reelcruit.com/}{...

? 
! Undefined control sequence.
l.54 \begin
           {itemize}
? 
! Undefined control sequence.
l.55 \item On contract part time \textbf
                                         {Laravel vuejs stack}
? 
[1{/var/lib/texmf/fonts/map/pdftex/updmap/pdftex.map}] )</usr/share/texlive/tex
mf-dist/fonts/type1/public/amsfonts/cm/cmr10.pfb>
Output written on cv.pdf (1 page, 23439 bytes).
PDF statistics:
 12 PDF objects out of 1000 (max. 8388607)
 7 compressed objects within 1 object stream
 0 named destinations out of 1000 (max. 500000)
 1 words of extra memory for PDF output out of 10000 (max. 10000000)

